[
    {
        "status": "success",
        "country": "Vietnam",
        "city": "Hanoi",
        "isp": "FPT Telecom Company",
        "org": "FPTDYNAMICIP",
        "proxy": false,
        "hosting": false,
        "query": "1.54.210.242",
        "count": 1
    },
    {
        "status": "success",
        "country": "China",
        "city": "Nanjing",
        "isp": "CHINANET jiangsu province network",
        "org": "",
        "proxy": false,
        "hosting": false,
        "query": "218.92.0.147",
        "count": 4079
    },
    {
        "status": "success",
        "country": "United Kingdom",
        "city": "London",
        "isp": "Unmanaged LTD",
        "org": "Techoff SRV Limited",
        "proxy": true,
        "hosting": false,
        "query": "2.57.122.26",
        "count": 98
    },
    {
        "status": "success",
        "country": "The Netherlands",
        "city": "Amsterdam",
        "isp": "Techoff SRV Limited",
        "org": "Techoff SRV Limited",
        "proxy": false,
        "hosting": false,
        "query": "45.148.10.240",
        "count": 2
    },
    {
        "status": "success",
        "country": "The Netherlands",
        "city": "Amsterdam",
        "isp": "cheapy.host LLC",
        "org": "Internet Secuirty Cheapyhost",
        "proxy": false,
        "hosting": false,
        "query": "196.251.89.179",
        "count": 114
    },
    {
        "status": "success",
        "country": "Italy",
        "city": "Rome",
        "isp": "INFOSTRADA",
        "org": "",
        "proxy": false,
        "hosting": false,
        "query": "151.43.90.14",
        "count": 18
    },
    {
        "status": "success",
        "country": "Russia",
        "city": "Moscow",
        "isp": "Chang Way Technologies Co. Limited",
        "org": "Chang Way Technologies Co. Limited",
        "proxy": true,
        "hosting": false,
        "query": "185.7.214.180",
        "count": 78
    },
    {
        "status": "success",
        "country": "United Kingdom",
        "city": "London",
        "isp": "Skynet Network LTD",
        "org": "Skynet Network LTD",
        "proxy": true,
        "hosting": false,
        "query": "194.0.234.35",
        "count": 15
    },
    {
        "status": "success",
        "country": "Russia",
        "city": "Moscow",
        "isp": "Chang Way Technologies Co. Limited",
        "org": "Chang Way Technologies Co. Limited",
        "proxy": true,
        "hosting": false,
        "query": "92.255.85.188",
        "count": 9
    },
    {
        "status": "success",
        "country": "United States",
        "city": "Tempe",
        "isp": "GoDaddy.com, LLC",
        "org": "GoDaddy.com, LLC",
        "proxy": false,
        "hosting": false,
        "query": "208.109.38.114",
        "count": 30
    },
    {
        "status": "success",
        "country": "United States",
        "city": "Kirkland",
        "isp": "EliteWork LLC",
        "org": "EliteWork LLC",
        "proxy": true,
        "hosting": false,
        "query": "165.140.237.71",
        "count": 2
    },
    {
        "status": "success",
        "country": "The Netherlands",
        "city": "Amsterdam",
        "isp": "Unmanaged LTD",
        "org": "Techoff SRV Limited",
        "proxy": true,
        "hosting": false,
        "query": "193.32.162.134",
        "count": 39
    },
    {
        "status": "success",
        "country": "The Netherlands",
        "city": "Dronten",
        "isp": "NextGenWebs",
        "org": "",
        "proxy": false,
        "hosting": false,
        "query": "185.213.174.209",
        "count": 30
    },
    {
        "status": "success",
        "country": "China",
        "city": "Chaowai",
        "isp": "GHSX",
        "org": "",
        "proxy": false,
        "hosting": false,
        "query": "101.126.54.36",
        "count": 7
    },
    {
        "status": "success",
        "country": "India",
        "city": "Faridabad",
        "isp": "Ekowebtech It Services Pvt Ltd",
        "org": "Ekowebtech It Services Pvt Ltd",
        "proxy": false,
        "hosting": false,
        "query": "103.113.105.89",
        "count": 30
    },
    {
        "status": "success",
        "country": "Germany",
        "city": "Weimar",
        "isp": "Thueringer Netkom GmbH",
        "org": "Traffic engineering",
        "proxy": false,
        "hosting": false,
        "query": "178.19.238.12",
        "count": 2
    },
    {
        "status": "success",
        "country": "Russia",
        "city": "Moscow",
        "isp": "TimeWeb Ltd",
        "org": "TimeWeb Ltd",
        "proxy": false,
        "hosting": false,
        "query": "37.252.23.68",
        "count": 246
    },
    {
        "status": "success",
        "country": "Bulgaria",
        "city": "Sofia",
        "isp": "Neterra Ltd.",
        "org": "Elektron Invest Ltd.",
        "proxy": true,
        "hosting": false,
        "query": "91.92.199.36",
        "count": 30
    },
    {
        "status": "success",
        "country": "India",
        "city": "Surat",
        "isp": "Bharatbhai Dinubhai Amin",
        "org": "City Broadband",
        "proxy": false,
        "hosting": false,
        "query": "103.116.177.252",
        "count": 30
    },
    {
        "status": "success",
        "country": "China",
        "city": "Guangzhou",
        "isp": "Chinanet",
        "org": "Chinanet GD",
        "proxy": true,
        "hosting": false,
        "query": "113.106.63.54",
        "count": 8
    },
    {
        "status": "success",
        "country": "Vietnam",
        "city": "Da Nang",
        "isp": "Viettel Corporation",
        "org": "Viettel Group",
        "proxy": false,
        "hosting": false,
        "query": "116.105.210.61",
        "count": 65
    },
    {
        "status": "success",
        "country": "Vietnam",
        "city": "Da Nang",
        "isp": "Viettel Corporation",
        "org": "Viettel Group",
        "proxy": false,
        "hosting": false,
        "query": "116.98.173.187",
        "count": 74
    },
    {
        "status": "success",
        "country": "United Kingdom",
        "city": "Slough",
        "isp": "IONOS SE",
        "org": "IONOS SE",
        "proxy": false,
        "hosting": true,
        "query": "194.164.124.225",
        "count": 248
    },
    {
        "status": "success",
        "country": "United Kingdom",
        "city": "London",
        "isp": "Skynet Network LTD",
        "org": "Skynet Network LTD",
        "proxy": false,
        "hosting": false,
        "query": "194.0.234.36",
        "count": 13
    },
    {
        "status": "success",
        "country": "United Kingdom",
        "city": "Slough",
        "isp": "DigitalOcean, LLC",
        "org": "Digitalocean",
        "proxy": false,
        "hosting": true,
        "query": "46.101.2.7",
        "count": 39
    },
    {
        "status": "success",
        "country": "China",
        "city": "Wenquan",
        "isp": "Cloud Computing Corporation",
        "org": "Chinanet FJ",
        "proxy": false,
        "hosting": true,
        "query": "203.33.224.44",
        "count": 6
    },
    {
        "status": "success",
        "country": "China",
        "city": "Jinan",
        "isp": "Chinanet",
        "org": "Chinanet SD",
        "proxy": false,
        "hosting": false,
        "query": "58.58.1.146",
        "count": 7
    },
    {
        "status": "success",
        "country": "South Korea",
        "city": "Seosan City",
        "isp": "LG POWERCOMM",
        "org": "LG POWERCOMM",
        "proxy": false,
        "hosting": false,
        "query": "182.215.66.232",
        "count": 5
    },
    {
        "status": "success",
        "country": "India",
        "city": "New Delhi",
        "isp": "Tata Teleservices LTD",
        "org": "",
        "proxy": false,
        "hosting": false,
        "query": "14.99.61.202",
        "count": 30
    },
    {
        "status": "success",
        "country": "Thailand",
        "city": "Bangkok",
        "isp": "Internet Thailand Company Ltd",
        "org": "Internet Thailand Public Company Limited",
        "proxy": false,
        "hosting": false,
        "query": "203.150.107.244",
        "count": 30
    },
    {
        "status": "success",
        "country": "United States",
        "city": "Dallas",
        "isp": "Unmanaged LTD",
        "org": "Pptechnology Limited",
        "proxy": false,
        "hosting": false,
        "query": "92.118.39.74",
        "count": 76
    },
    {
        "status": "success",
        "country": "United States",
        "city": "Las Vegas",
        "isp": "FranTech Solutions",
        "org": "FranTech Solutions",
        "proxy": true,
        "hosting": true,
        "query": "209.141.55.77",
        "count": 30
    },
    {
        "status": "success",
        "country": "United States",
        "city": "Council Bluffs",
        "isp": "Google LLC",
        "org": "Google Cloud (us-central1)",
        "proxy": false,
        "hosting": true,
        "query": "35.208.25.83",
        "count": 248
    },
    {
        "status": "success",
        "country": "China",
        "city": "Nanjing",
        "isp": "Chinanet",
        "org": "Chinanet JS",
        "proxy": true,
        "hosting": false,
        "query": "121.224.115.232",
        "count": 10
    },
    {
        "status": "success",
        "country": "United States",
        "city": "North Bergen",
        "isp": "DigitalOcean, LLC",
        "org": "DigitalOcean, LLC",
        "proxy": true,
        "hosting": true,
        "query": "157.245.88.137",
        "count": 37
    },
    {
        "status": "success",
        "country": "China",
        "city": "Beijing",
        "isp": "BITNET",
        "org": "Beijing Bitone United Networks Technology Service Co., Ltd.",
        "proxy": false,
        "hosting": false,
        "query": "14.103.114.63",
        "count": 7
    },
    {
        "status": "success",
        "country": "Germany",
        "city": "Karlsruhe",
        "isp": "Contabo GmbH",
        "org": "Contabo GmbH",
        "proxy": false,
        "hosting": true,
        "query": "198.7.124.145",
        "count": 31
    },
    {
        "status": "success",
        "country": "China",
        "city": "Beijing",
        "isp": "UCLOUD",
        "org": "Shanghai UCloud Information Technology Company Limited",
        "proxy": true,
        "hosting": false,
        "query": "117.50.185.16",
        "count": 2
    },
    {
        "status": "success",
        "country": "Switzerland",
        "city": "Zurich",
        "isp": "Private Layer INC",
        "org": "Private Layer INC",
        "proxy": true,
        "hosting": true,
        "query": "81.17.25.50",
        "count": 3
    },
    {
        "status": "success",
        "country": "Thailand",
        "city": "Huai Khwang",
        "isp": "CS Loxinfo Public Company Limited",
        "org": "",
        "proxy": false,
        "hosting": false,
        "query": "27.254.235.13",
        "count": 30
    },
    {
        "status": "success",
        "country": "Indonesia",
        "city": "Malang",
        "isp": "WANET",
        "org": "",
        "proxy": false,
        "hosting": false,
        "query": "103.153.191.137",
        "count": 30
    },
    {
        "status": "success",
        "country": "India",
        "city": "Chennai",
        "isp": "Bharat Sanchar Nigam Ltd",
        "org": "",
        "proxy": false,
        "hosting": false,
        "query": "117.216.143.31",
        "count": 18
    },
    {
        "status": "success",
        "country": "Germany",
        "city": "Frankfurt am Main",
        "isp": "Oracle Corporation",
        "org": "Oracle Cloud Infrastructure (eu-frankfurt-1)",
        "proxy": false,
        "hosting": true,
        "query": "130.61.131.168",
        "count": 11
    },
    {
        "status": "success",
        "country": "The Netherlands",
        "city": "Amsterdam",
        "isp": "cheapy.host LLC",
        "org": "Internet Secuirty Cheapyhost",
        "proxy": false,
        "hosting": false,
        "query": "196.251.90.9",
        "count": 20
    },
    {
        "status": "success",
        "country": "Singapore",
        "city": "Singapore",
        "isp": "Alibaba (US) Technology Co., Ltd.",
        "org": "Alibaba.com LLC",
        "proxy": false,
        "hosting": true,
        "query": "47.236.201.200",
        "count": 2
    },
    {
        "status": "success",
        "country": "Russia",
        "city": "Moscow",
        "isp": "Chang Way Technologies Co. Limited",
        "org": "Chang Way Technologies Co. Limited",
        "proxy": true,
        "hosting": false,
        "query": "92.255.85.189",
        "count": 9
    },
    {
        "status": "success",
        "country": "Vietnam",
        "city": "Ph\u00fa L\u00e2m",
        "isp": "Lanit Technology and Communication Joint Stock Company",
        "org": "Dong Hung PHU Company Limited",
        "proxy": false,
        "hosting": false,
        "query": "103.163.215.159",
        "count": 88
    },
    {
        "status": "success",
        "country": "South Korea",
        "city": "Seongnam-si",
        "isp": "Korea Telecom",
        "org": "Kornet",
        "proxy": false,
        "hosting": false,
        "query": "14.63.160.31",
        "count": 30
    },
    {
        "status": "success",
        "country": "Hong Kong",
        "city": "Mong Kok",
        "isp": "ANLIAN NETWORK TECHNOLOGY CO., LIMITED",
        "org": "ANLIAN NETWORK TECHNOLOGY CO., LIMITED",
        "proxy": false,
        "hosting": false,
        "query": "103.145.145.80",
        "count": 30
    },
    {
        "status": "success",
        "country": "United States",
        "city": "Clifton",
        "isp": "DigitalOcean, LLC",
        "org": "Digital Ocean",
        "proxy": true,
        "hosting": true,
        "query": "138.197.102.26",
        "count": 30
    },
    {
        "status": "success",
        "country": "China",
        "city": "Shanghai",
        "isp": "China Telecom",
        "org": "",
        "proxy": false,
        "hosting": false,
        "query": "125.91.109.84",
        "count": 14
    },
    {
        "status": "success",
        "country": "United Kingdom",
        "city": "Slough",
        "isp": "DigitalOcean, LLC",
        "org": "Digital Ocean",
        "proxy": false,
        "hosting": true,
        "query": "178.62.104.32",
        "count": 6
    },
    {
        "status": "success",
        "country": "India",
        "city": "Meerut",
        "isp": "Shivansh Infotech pvt Ltd",
        "org": "Shivansh Infotech pvt Ltd",
        "proxy": false,
        "hosting": false,
        "query": "103.248.120.6",
        "count": 30
    },
    {
        "status": "success",
        "country": "Malaysia",
        "city": "Cyberjaya",
        "isp": "Gigabit Hosting Sdn Bhd",
        "org": "CloudCentric",
        "proxy": false,
        "hosting": true,
        "query": "202.176.4.38",
        "count": 6
    },
    {
        "status": "success",
        "country": "China",
        "city": "Guangzhou",
        "isp": "China Mobile",
        "org": "China Mobile Communications Corporation",
        "proxy": false,
        "hosting": false,
        "query": "36.133.188.164",
        "count": 28
    },
    {
        "status": "success",
        "country": "Brazil",
        "city": "S\u00e3o Paulo",
        "isp": "Latitude.sh",
        "org": "Latitude.sh",
        "proxy": false,
        "hosting": false,
        "query": "103.14.27.233",
        "count": 3
    },
    {
        "status": "success",
        "country": "India",
        "city": "Bengaluru",
        "isp": "DigitalOcean, LLC",
        "org": "DigitalOcean, LLC",
        "proxy": false,
        "hosting": true,
        "query": "134.209.151.205",
        "count": 30
    },
    {
        "status": "success",
        "country": "United States",
        "city": "Tempe",
        "isp": "GoDaddy.com, LLC",
        "org": "GoDaddy.com, LLC",
        "proxy": false,
        "hosting": true,
        "query": "184.168.22.179",
        "count": 30
    },
    {
        "status": "success",
        "country": "Finland",
        "city": "Tampere",
        "isp": "ElmoNet Oy",
        "org": "ICT Elmo Oy",
        "proxy": false,
        "hosting": false,
        "query": "109.204.233.184",
        "count": 248
    },
    {
        "status": "success",
        "country": "China",
        "city": "Hangzhou",
        "isp": "Chinanet",
        "org": "",
        "proxy": false,
        "hosting": false,
        "query": "125.124.83.191",
        "count": 4
    },
    {
        "status": "success",
        "country": "The Netherlands",
        "city": "Amsterdam",
        "isp": "Unmanaged LTD",
        "org": "Techoff SRV Limited",
        "proxy": true,
        "hosting": false,
        "query": "193.32.162.135",
        "count": 37
    },
    {
        "status": "success",
        "country": "Ukraine",
        "city": "Simferopol",
        "isp": "PE Tsibrankov Konstantin Igorevich",
        "org": "KCT Network",
        "proxy": false,
        "hosting": false,
        "query": "91.205.219.185",
        "count": 30
    },
    {
        "status": "success",
        "country": "Thailand",
        "city": "Huai Khwang",
        "isp": "CS Loxinfo Public Company Limited",
        "org": "",
        "proxy": true,
        "hosting": false,
        "query": "27.254.235.12",
        "count": 30
    },
    {
        "status": "success",
        "country": "Canada",
        "city": "Toronto",
        "isp": "DigitalOcean, LLC",
        "org": "Digital Ocean",
        "proxy": true,
        "hosting": true,
        "query": "159.203.2.69",
        "count": 40
    },
    {
        "status": "success",
        "country": "India",
        "city": "Kaly\u0101n",
        "isp": "Citylink Broadbnad Services Pvt Ltd",
        "org": "Citylink Broadbnad Services Pvt Ltd",
        "proxy": false,
        "hosting": false,
        "query": "103.140.73.222",
        "count": 157
    },
    {
        "status": "success",
        "country": "China",
        "city": "Shanghai",
        "isp": "Addresses CNNIC",
        "org": "Aliyun Computing Co., LTD",
        "proxy": false,
        "hosting": true,
        "query": "47.101.173.226",
        "count": 86
    },
    {
        "status": "success",
        "country": "Sweden",
        "city": "Uppsala",
        "isp": "Bahnhof Internet",
        "org": "Bahnhof AB",
        "proxy": false,
        "hosting": false,
        "query": "195.178.191.5",
        "count": 29
    },
    {
        "status": "success",
        "country": "China",
        "city": "Beijing",
        "isp": "BITNET",
        "org": "Beijing Bitone United Networks Technology Service Co., Ltd.",
        "proxy": false,
        "hosting": false,
        "query": "14.103.117.75",
        "count": 3
    },
    {
        "status": "success",
        "country": "Japan",
        "city": "Chiyoda",
        "isp": "IDC Frontier Inc.",
        "org": "Yahoo Japan Corporation",
        "proxy": false,
        "hosting": true,
        "query": "210.236.249.126",
        "count": 248
    },
    {
        "status": "success",
        "country": "France",
        "city": "Roubaix",
        "isp": "OVH SAS",
        "org": "OVH",
        "proxy": true,
        "hosting": true,
        "query": "51.77.158.34",
        "count": 37
    },
    {
        "status": "success",
        "country": "Poland",
        "city": "Warsaw",
        "isp": "OVH SAS",
        "org": "OVH Sp. z o. o",
        "proxy": true,
        "hosting": true,
        "query": "51.68.137.240",
        "count": 37
    },
    {
        "status": "success",
        "country": "Malaysia",
        "city": "Cyberjaya",
        "isp": "TM TECHNOLOGY SERVICES SDN BHD",
        "org": "Adsl Streamyx",
        "proxy": false,
        "hosting": false,
        "query": "60.54.52.227",
        "count": 36
    },
    {
        "status": "success",
        "country": "India",
        "city": "Bengaluru",
        "isp": "BHARTI",
        "org": "ABTS (Karnataka)",
        "proxy": false,
        "hosting": false,
        "query": "122.166.252.192",
        "count": 37
    },
    {
        "status": "success",
        "country": "India",
        "city": "Chandigarh",
        "isp": "Quadrant Televentures Limited",
        "org": "Hfcl Infotel LTD",
        "proxy": false,
        "hosting": false,
        "query": "112.196.28.139",
        "count": 29
    },
    {
        "status": "success",
        "country": "India",
        "city": "Pune",
        "isp": "Microsoft Corporation",
        "org": "Microsoft Azure Cloud (centralindia)",
        "proxy": true,
        "hosting": true,
        "query": "4.240.96.126",
        "count": 30
    },
    {
        "status": "success",
        "country": "Kazakhstan",
        "city": "Almaty",
        "isp": "Icon LTD",
        "org": "Icon LTD",
        "proxy": false,
        "hosting": false,
        "query": "87.255.193.50",
        "count": 58
    },
    {
        "status": "success",
        "country": "China",
        "city": "Nanjing",
        "isp": "CHINANET jiangsu province network",
        "org": "",
        "proxy": false,
        "hosting": false,
        "query": "218.92.0.208",
        "count": 6
    },
    {
        "status": "success",
        "country": "South Korea",
        "city": "Seoul",
        "isp": "Microsoft Corporation",
        "org": "Microsoft Azure Cloud (koreacentral)",
        "proxy": false,
        "hosting": true,
        "query": "20.39.195.9",
        "count": 2
    },
    {
        "status": "success",
        "country": "China",
        "city": "Beijing",
        "isp": "BITNET",
        "org": "Beijing Bitone United Networks Technology Service Co., Ltd.",
        "proxy": false,
        "hosting": false,
        "query": "14.103.120.147",
        "count": 6
    },
    {
        "status": "success",
        "country": "Germany",
        "city": "Frankfurt am Main",
        "isp": "DigitalOcean, LLC",
        "org": "DigitalOcean, LLC",
        "proxy": false,
        "hosting": true,
        "query": "167.71.43.183",
        "count": 30
    },
    {
        "status": "success",
        "country": "China",
        "city": "Wuhan",
        "isp": "China Education and Research Network Center",
        "org": "WHR Cernet",
        "proxy": false,
        "hosting": false,
        "query": "59.68.63.123",
        "count": 3
    },
    {
        "status": "success",
        "country": "China",
        "city": "Chongqing",
        "isp": "Chinanet",
        "org": "Chinanet CQ",
        "proxy": false,
        "hosting": false,
        "query": "183.66.17.82",
        "count": 3
    },
    {
        "status": "success",
        "country": "Bangladesh",
        "city": "Dhaka",
        "isp": "Bangladesh Online Ltd.",
        "org": "Bangladesh Online Ltd",
        "proxy": true,
        "hosting": false,
        "query": "182.163.112.230",
        "count": 30
    },
    {
        "status": "success",
        "country": "Vietnam",
        "city": "C\u1ea7u Gi\u1ea5y",
        "isp": "LVHN",
        "org": "JSC - Hanoi",
        "proxy": false,
        "hosting": false,
        "query": "45.119.212.99",
        "count": 29
    },
    {
        "status": "success",
        "country": "Singapore",
        "city": "Singapore",
        "isp": "DigitalOcean, LLC",
        "org": "Digitalocean",
        "proxy": true,
        "hosting": true,
        "query": "188.166.223.5",
        "count": 19
    },
    {
        "status": "success",
        "country": "United States",
        "city": "Dallas",
        "isp": "Cloudnium LLC",
        "org": "Ipxo",
        "proxy": false,
        "hosting": false,
        "query": "185.126.158.152",
        "count": 195
    },
    {
        "status": "success",
        "country": "Australia",
        "city": "Sydney",
        "isp": "DigitalOcean, LLC",
        "org": "DigitalOcean, LLC",
        "proxy": false,
        "hosting": true,
        "query": "209.38.21.215",
        "count": 234
    },
    {
        "status": "success",
        "country": "China",
        "city": "Shenzhen",
        "isp": "CHINANET NINGXIA province ZHONGWEI IDC network",
        "org": "Chinanet NX",
        "proxy": false,
        "hosting": false,
        "query": "36.103.243.179",
        "count": 9
    },
    {
        "status": "success",
        "country": "United States",
        "city": "Buffalo",
        "isp": "HostPapa",
        "org": "ColoCrossing",
        "proxy": false,
        "hosting": true,
        "query": "23.95.128.167",
        "count": 30
    },
    {
        "status": "success",
        "country": "China",
        "city": "Hangzhou",
        "isp": "Chinanet",
        "org": "",
        "proxy": false,
        "hosting": false,
        "query": "125.124.114.150",
        "count": 9
    },
    {
        "status": "success",
        "country": "United Kingdom",
        "city": "London",
        "isp": "Limited Network LTD",
        "org": "Limited Network LTD",
        "proxy": false,
        "hosting": false,
        "query": "185.93.89.118",
        "count": 95
    },
    {
        "status": "success",
        "country": "France",
        "city": "Roubaix",
        "isp": "OVH SAS",
        "org": "OVH",
        "proxy": true,
        "hosting": true,
        "query": "51.254.138.254",
        "count": 246
    },
    {
        "status": "success",
        "country": "France",
        "city": "Paris",
        "isp": "MilkyWan Association",
        "org": "MilkyWan",
        "proxy": true,
        "hosting": false,
        "query": "80.67.167.81",
        "count": 1
    },
    {
        "status": "success",
        "country": "Morocco",
        "city": "Casablanca",
        "isp": "ONPT",
        "org": "Office National des Postes et Telecommunications ONPT (Maroc Telecom) / IAM",
        "proxy": false,
        "hosting": false,
        "query": "81.192.46.49",
        "count": 30
    },
    {
        "status": "success",
        "country": "China",
        "city": "Beijing",
        "isp": "BITNET",
        "org": "Beijing Bitone United Networks Technology Service Co., Ltd.",
        "proxy": false,
        "hosting": false,
        "query": "14.103.115.90",
        "count": 2
    },
    {
        "status": "success",
        "country": "France",
        "city": "Strasbourg",
        "isp": "OVH SAS",
        "org": "OVH",
        "proxy": true,
        "hosting": true,
        "query": "54.37.10.124",
        "count": 30
    },
    {
        "status": "success",
        "country": "China",
        "city": "Nanjing",
        "isp": "Chinanet",
        "org": "Chinanet JS",
        "proxy": false,
        "hosting": false,
        "query": "180.101.146.65",
        "count": 9
    },
    {
        "status": "success",
        "country": "United States",
        "city": "Minkler",
        "isp": "Alibaba.com LLC",
        "org": "ALICLOUD-US",
        "proxy": false,
        "hosting": true,
        "query": "47.89.252.178",
        "count": 154
    },
    {
        "status": "success",
        "country": "China",
        "city": "Haidian",
        "isp": "Beijing Volcano Engine Technology Co., Ltd.",
        "org": "Beijing Volcano Engine Technology Co., Ltd.",
        "proxy": false,
        "hosting": false,
        "query": "118.145.192.43",
        "count": 29
    },
    {
        "status": "success",
        "country": "Indonesia",
        "city": "Jakarta",
        "isp": "PT. Sejahtera Globalindo",
        "org": "",
        "proxy": false,
        "hosting": false,
        "query": "202.51.214.98",
        "count": 30
    },
    {
        "status": "success",
        "country": "France",
        "city": "Gravelines",
        "isp": "OVH SAS",
        "org": "OVH",
        "proxy": true,
        "hosting": true,
        "query": "162.19.48.19",
        "count": 30
    },
    {
        "status": "success",
        "country": "Vietnam",
        "city": "Da Nang",
        "isp": "Viettel Corporation",
        "org": "Viettel Group",
        "proxy": false,
        "hosting": false,
        "query": "116.98.175.14",
        "count": 12
    },
    {
        "status": "success",
        "country": "Germany",
        "city": "Frankfurt am Main",
        "isp": "DigitalOcean, LLC",
        "org": "DigitalOcean, LLC",
        "proxy": false,
        "hosting": true,
        "query": "159.223.22.227",
        "count": 2
    },
    {
        "status": "success",
        "country": "Vietnam",
        "city": "Ho Chi Minh City",
        "isp": "VNPT",
        "org": "",
        "proxy": false,
        "hosting": false,
        "query": "222.255.214.107",
        "count": 3
    },
    {
        "status": "success",
        "country": "Sweden",
        "city": "Stockholm",
        "isp": "w1n ltd",
        "org": "Icme Cloud",
        "proxy": true,
        "hosting": true,
        "query": "185.246.130.20",
        "count": 3
    },
    {
        "status": "success",
        "country": "China",
        "city": "Beijing",
        "isp": "Hangzhou Alibaba Advertising Co",
        "org": "Aliyun Computing Co., LTD",
        "proxy": false,
        "hosting": true,
        "query": "39.105.21.44",
        "count": 1
    },
    {
        "status": "success",
        "country": "Hungary",
        "city": "Budapest",
        "isp": "Telenor Hungary Plc.",
        "org": "Telenor Hungary Plc.",
        "proxy": false,
        "hosting": false,
        "query": "37.234.98.64",
        "count": 2
    },
    {
        "status": "success",
        "country": "Vietnam",
        "city": "Hanoi",
        "isp": "Viettel Corporation",
        "org": "VIETEL",
        "proxy": false,
        "hosting": false,
        "query": "171.244.37.103",
        "count": 30
    },
    {
        "status": "success",
        "country": "South Korea",
        "city": "Gwangmyeong",
        "isp": "SMILESERV",
        "org": "SMILESERV",
        "proxy": false,
        "hosting": true,
        "query": "49.247.36.49",
        "count": 30
    },
    {
        "status": "success",
        "country": "Tunisia",
        "city": "Tunis",
        "isp": "TOPNET",
        "org": "ATI - Agence Tunisienne Internet",
        "proxy": false,
        "hosting": false,
        "query": "41.226.29.79",
        "count": 30
    },
    {
        "status": "success",
        "country": "China",
        "city": "Nanjing",
        "isp": "Chinanet",
        "org": "Chinanet JS",
        "proxy": false,
        "hosting": false,
        "query": "221.229.218.230",
        "count": 29
    },
    {
        "status": "success",
        "country": "China",
        "city": "Beijing",
        "isp": "China Networks Inter-Exchange",
        "org": "ChinaTelecom Group Beijing Ltd, Co",
        "proxy": false,
        "hosting": false,
        "query": "60.247.29.214",
        "count": 1
    },
    {
        "status": "success",
        "country": "China",
        "city": "Guangzhou",
        "isp": "Chinanet",
        "org": "Chinanet GD",
        "proxy": false,
        "hosting": false,
        "query": "113.88.211.81",
        "count": 6
    },
    {
        "status": "success",
        "country": "Germany",
        "city": "Limburg an der Lahn",
        "isp": "OVH SAS",
        "org": "OVH GmbH",
        "proxy": false,
        "hosting": true,
        "query": "135.125.200.99",
        "count": 30
    },
    {
        "status": "success",
        "country": "Singapore",
        "city": "Singapore",
        "isp": "Melbikomas UAB",
        "org": "Melbikomas UAB",
        "proxy": true,
        "hosting": false,
        "query": "91.192.81.19",
        "count": 2
    },
    {
        "status": "success",
        "country": "China",
        "city": "Harbin",
        "isp": "CNC Group CHINA169 Heilongjiang Province Network",
        "org": "",
        "proxy": false,
        "hosting": false,
        "query": "122.159.210.31",
        "count": 2
    },
    {
        "status": "success",
        "country": "Iran",
        "city": "Tehran",
        "isp": "Pars Parva System LLC",
        "org": "Parspack",
        "proxy": false,
        "hosting": true,
        "query": "185.164.72.200",
        "count": 30
    },
    {
        "status": "success",
        "country": "India",
        "city": "Pune",
        "isp": "Reliance Jio Infocomm Limited",
        "org": "Reliance Jio Infocomm Limited",
        "proxy": false,
        "hosting": false,
        "query": "115.247.46.126",
        "count": 4
    },
    {
        "status": "success",
        "country": "Bolivia",
        "city": "Santa Cruz",
        "isp": "Entel S.A. - EntelNet",
        "org": "Entel S.A. - EntelNet",
        "proxy": false,
        "hosting": false,
        "query": "181.115.147.5",
        "count": 30
    },
    {
        "status": "success",
        "country": "Australia",
        "city": "Sydney",
        "isp": "DigitalOcean, LLC",
        "org": "DigitalOcean, LLC",
        "proxy": false,
        "hosting": true,
        "query": "209.38.93.208",
        "count": 234
    },
    {
        "status": "success",
        "country": "China",
        "city": "Zhengzhou",
        "isp": "China Telecom",
        "org": "Chinanet HA",
        "proxy": false,
        "hosting": false,
        "query": "1.194.236.204",
        "count": 3
    },
    {
        "status": "success",
        "country": "United States",
        "city": "Dallas",
        "isp": "Unmanaged LTD",
        "org": "Pptechnology Limited",
        "proxy": false,
        "hosting": false,
        "query": "92.118.39.72",
        "count": 38
    },
    {
        "status": "success",
        "country": "Australia",
        "city": "Sydney",
        "isp": "DigitalOcean, LLC",
        "org": "DigitalOcean, LLC",
        "proxy": false,
        "hosting": true,
        "query": "170.64.209.172",
        "count": 234
    },
    {
        "status": "success",
        "country": "Russia",
        "city": "Cherkessk",
        "isp": "Karachaevo-Cherkesskelektrosvyaz",
        "org": "OJSC Rostelecom Macroregional Branch South",
        "proxy": false,
        "hosting": false,
        "query": "85.172.189.189",
        "count": 30
    },
    {
        "status": "success",
        "country": "Iran",
        "city": "Tehran",
        "isp": "Green Web Samaneh Novin Co Ltd",
        "org": "Greenweb",
        "proxy": false,
        "hosting": true,
        "query": "185.213.165.107",
        "count": 30
    },
    {
        "status": "success",
        "country": "Japan",
        "city": "Mito",
        "isp": "NTT Communications Corporation",
        "org": "Open Computer Network",
        "proxy": false,
        "hosting": false,
        "query": "180.2.17.87",
        "count": 1
    },
    {
        "status": "success",
        "country": "Hong Kong",
        "city": "Hong Kong",
        "isp": "Lucidacloud Limited",
        "org": "S G IX",
        "proxy": false,
        "hosting": true,
        "query": "83.229.124.127",
        "count": 180
    },
    {
        "status": "success",
        "country": "Colombia",
        "city": "Bogot\u00e1",
        "isp": "Colombia Telecomunicaciones S.a. ESP",
        "org": "Colombia Telecomunicaciones S.a. ESP",
        "proxy": false,
        "hosting": false,
        "query": "179.32.33.161",
        "count": 30
    },
    {
        "status": "success",
        "country": "India",
        "city": "Bengaluru",
        "isp": "Reliance Jio Infocomm Limited",
        "org": "Reliance Jio Infocomm Limited",
        "proxy": false,
        "hosting": false,
        "query": "136.232.203.134",
        "count": 31
    },
    {
        "status": "success",
        "country": "India",
        "city": "Mumbai",
        "isp": "RailTel Corporation",
        "org": "Railtel",
        "proxy": false,
        "hosting": false,
        "query": "103.246.42.72",
        "count": 32
    },
    {
        "status": "success",
        "country": "China",
        "city": "Nanjing",
        "isp": "CHINANET jiangsu province network",
        "org": "",
        "proxy": false,
        "hosting": false,
        "query": "218.92.0.153",
        "count": 5099
    },
    {
        "status": "success",
        "country": "Russia",
        "city": "Yekaterinburg",
        "isp": "PJSC Rostelecom",
        "org": "Dynamic distribution IPs for broadband services",
        "proxy": false,
        "hosting": false,
        "query": "188.17.148.221",
        "count": 25
    },
    {
        "status": "success",
        "country": "United States",
        "city": "Buffalo",
        "isp": "HostPapa",
        "org": "HostPapa",
        "proxy": true,
        "hosting": true,
        "query": "198.12.85.199",
        "count": 30
    },
    {
        "status": "success",
        "country": "Italy",
        "city": "Ponte Metauro",
        "isp": "Fastweb Networks",
        "org": "",
        "proxy": false,
        "hosting": false,
        "query": "2.228.25.92",
        "count": 30
    },
    {
        "status": "success",
        "country": "United States",
        "city": "Santa Clara",
        "isp": "DigitalOcean, LLC",
        "org": "DigitalOcean, LLC",
        "proxy": false,
        "hosting": true,
        "query": "137.184.183.27",
        "count": 30
    },
    {
        "status": "success",
        "country": "Mongolia",
        "city": "Dund-Urt",
        "isp": "Mobinet LLC",
        "org": "MOBINET-LL",
        "proxy": false,
        "hosting": false,
        "query": "202.131.233.35",
        "count": 23
    },
    {
        "status": "success",
        "country": "Bangladesh",
        "city": "Dhaka",
        "isp": "Agni Systems Limited",
        "org": "Agni Systems Ltd.",
        "proxy": false,
        "hosting": false,
        "query": "202.53.175.36",
        "count": 37
    },
    {
        "status": "success",
        "country": "China",
        "city": "Nanjing",
        "isp": "CHINANET jiangsu province network",
        "org": "",
        "proxy": false,
        "hosting": false,
        "query": "218.92.0.131",
        "count": 6
    },
    {
        "status": "success",
        "country": "China",
        "city": "Guangzhou",
        "isp": "China Mobile communications corporation",
        "org": "China Mobile",
        "proxy": false,
        "hosting": false,
        "query": "117.156.112.96",
        "count": 6
    },
    {
        "status": "success",
        "country": "Australia",
        "city": "Sydney",
        "isp": "DigitalOcean, LLC",
        "org": "DigitalOcean, LLC",
        "proxy": false,
        "hosting": true,
        "query": "170.64.199.171",
        "count": 468
    },
    {
        "status": "success",
        "country": "South Korea",
        "city": "Yongsan-dong",
        "isp": "SK Broadband Co Ltd",
        "org": "SBKorea",
        "proxy": false,
        "hosting": false,
        "query": "103.124.100.181",
        "count": 30
    },
    {
        "status": "success",
        "country": "South Korea",
        "city": "Seocho-gu",
        "isp": "Korea Telecom",
        "org": "HAIonNet",
        "proxy": false,
        "hosting": false,
        "query": "124.198.59.254",
        "count": 30
    },
    {
        "status": "success",
        "country": "Vietnam",
        "city": "Qu\u1eadn Ba",
        "isp": "SUPERDATA",
        "org": "Super Online Data Co., Ltd",
        "proxy": false,
        "hosting": true,
        "query": "103.1.239.114",
        "count": 247
    },
    {
        "status": "success",
        "country": "Albania",
        "city": "Vlor\u00eb",
        "isp": "Nisatel LTD",
        "org": "Nisatel",
        "proxy": false,
        "hosting": false,
        "query": "217.21.147.115",
        "count": 60
    },
    {
        "status": "success",
        "country": "Germany",
        "city": "Frankfurt am Main",
        "isp": "DigitalOcean, LLC",
        "org": "Digital Ocean",
        "proxy": false,
        "hosting": true,
        "query": "209.38.226.20",
        "count": 1
    },
    {
        "status": "success",
        "country": "Russia",
        "city": "Moscow",
        "isp": "NCNET",
        "org": "",
        "proxy": false,
        "hosting": false,
        "query": "77.37.136.83",
        "count": 190
    },
    {
        "status": "success",
        "country": "India",
        "city": "Noida",
        "isp": "Ishan's Network",
        "org": "Deivdeep Enterprise Private Limited",
        "proxy": false,
        "hosting": false,
        "query": "103.179.111.6",
        "count": 30
    },
    {
        "status": "success",
        "country": "Bolivia",
        "city": "Caranavi",
        "isp": "Entel S.A. - EntelNet",
        "org": "Entel S.A. - EntelNet",
        "proxy": false,
        "hosting": false,
        "query": "181.115.178.66",
        "count": 30
    },
    {
        "status": "success",
        "country": "Russia",
        "city": "Ufa",
        "isp": "JSC \"Ufanet\"",
        "org": "JSC Ufanet",
        "proxy": false,
        "hosting": false,
        "query": "46.191.141.152",
        "count": 4
    },
    {
        "status": "success",
        "country": "Singapore",
        "city": "Singapore",
        "isp": "Alibaba (US) Technology Co., Ltd.",
        "org": "Alibaba.com LLC",
        "proxy": true,
        "hosting": true,
        "query": "47.237.83.82",
        "count": 1
    },
    {
        "status": "success",
        "country": "Singapore",
        "city": "Singapore",
        "isp": "Alibaba (US) Technology Co., Ltd.",
        "org": "Alibaba Cloud LLC",
        "proxy": false,
        "hosting": true,
        "query": "47.236.163.140",
        "count": 1
    },
    {
        "status": "success",
        "country": "United States",
        "city": "Buffalo",
        "isp": "HostPapa",
        "org": "",
        "proxy": false,
        "hosting": true,
        "query": "104.168.46.10",
        "count": 30
    },
    {
        "status": "success",
        "country": "Peru",
        "city": "Lima",
        "isp": "CHARACKWAVES CUSYPATA EXPORT/IMPORT S.A.C.",
        "org": "CHARACKWAVES CUSYPATA EXPORT/IMPORT S.A.C",
        "proxy": false,
        "hosting": false,
        "query": "181.174.224.99",
        "count": 30
    },
    {
        "status": "success",
        "country": "South Korea",
        "city": "Suwon",
        "isp": "SK Broadband Co Ltd",
        "org": "broadNnet",
        "proxy": false,
        "hosting": false,
        "query": "180.70.51.170",
        "count": 30
    },
    {
        "status": "success",
        "country": "China",
        "city": "Nanjing",
        "isp": "Chinanet",
        "org": "Chinanet JS",
        "proxy": true,
        "hosting": false,
        "query": "114.216.4.149",
        "count": 9
    },
    {
        "status": "success",
        "country": "United States",
        "city": "Clifton",
        "isp": "DigitalOcean, LLC",
        "org": "DigitalOcean, LLC",
        "proxy": false,
        "hosting": true,
        "query": "164.90.131.79",
        "count": 30
    },
    {
        "status": "success",
        "country": "United States",
        "city": "Sylvania",
        "isp": "Buckeye Telesystem",
        "org": "MaxxSouth Broadband",
        "proxy": false,
        "hosting": false,
        "query": "24.53.160.28",
        "count": 49
    },
    {
        "status": "success",
        "country": "Sweden",
        "city": "Enk\u00f6ping",
        "isp": "Bahnhof AB",
        "org": "",
        "proxy": false,
        "hosting": false,
        "query": "155.4.245.222",
        "count": 30
    },
    {
        "status": "success",
        "country": "China",
        "city": "Shanghai",
        "isp": "Chinanet",
        "org": "Sxpdsn",
        "proxy": true,
        "hosting": false,
        "query": "223.15.246.49",
        "count": 15
    },
    {
        "status": "success",
        "country": "Brazil",
        "city": "Cascavel",
        "isp": "Vivo",
        "org": "TELEF\ufffdNICA BRASIL S.A",
        "proxy": false,
        "hosting": false,
        "query": "200.175.17.42",
        "count": 30
    },
    {
        "status": "success",
        "country": "United States",
        "city": "Clifton",
        "isp": "DigitalOcean, LLC",
        "org": "DigitalOcean, LLC",
        "proxy": false,
        "hosting": true,
        "query": "143.198.16.19",
        "count": 7
    },
    {
        "status": "success",
        "country": "France",
        "city": "Roubaix",
        "isp": "OVH SAS",
        "org": "OVH",
        "proxy": true,
        "hosting": true,
        "query": "51.77.151.175",
        "count": 30
    },
    {
        "status": "success",
        "country": "China",
        "city": "Beijing",
        "isp": "Shenzhen Tencent Computer Systems Company Limited",
        "org": "Tencent Cloud Computing (Beijing) Co., Ltd",
        "proxy": false,
        "hosting": false,
        "query": "101.43.138.157",
        "count": 6
    },
    {
        "status": "success",
        "country": "Philippines",
        "city": "Cainta",
        "isp": "WifiCity, Inc",
        "org": "WifiCity, Inc",
        "proxy": false,
        "hosting": false,
        "query": "122.49.220.99",
        "count": 30
    },
    {
        "status": "success",
        "country": "China",
        "city": "Guangzhou",
        "isp": "China Telecom",
        "org": "Chinanet GD",
        "proxy": false,
        "hosting": false,
        "query": "183.56.205.82",
        "count": 2
    },
    {
        "status": "success",
        "country": "Thailand",
        "city": "Huai Khwang",
        "isp": "CS Loxinfo Public Company Limited",
        "org": "",
        "proxy": true,
        "hosting": false,
        "query": "27.254.235.4",
        "count": 30
    },
    {
        "status": "success",
        "country": "China",
        "city": "Hangzhou",
        "isp": "China Mobile Communications Corporation",
        "org": "China Mobile",
        "proxy": false,
        "hosting": false,
        "query": "39.175.64.208",
        "count": 2
    },
    {
        "status": "success",
        "country": "China",
        "city": "Shiqi",
        "isp": "Cloudie Limited",
        "org": "Zhong Shan Shi Ba Ai Yun Ji Suan Co., Limited",
        "proxy": false,
        "hosting": true,
        "query": "103.140.127.215",
        "count": 248
    },
    {
        "status": "success",
        "country": "Italy",
        "city": "Valle Salimbene",
        "isp": "EOLO S.p.A.",
        "org": "EOLO S.p.A",
        "proxy": false,
        "hosting": false,
        "query": "84.33.184.62",
        "count": 13
    },
    {
        "status": "success",
        "country": "China",
        "city": "Fuzhou",
        "isp": "CHINA UNICOM China169 Backbone",
        "org": "FuZhou AoXinYuan Corp",
        "proxy": false,
        "hosting": false,
        "query": "220.250.58.23",
        "count": 3
    },
    {
        "status": "success",
        "country": "Vietnam",
        "city": "Hanoi",
        "isp": "FPT Telecom Company",
        "org": "Vietnam Internet Network Information Center",
        "proxy": false,
        "hosting": false,
        "query": "118.70.170.128",
        "count": 3
    },
    {
        "status": "success",
        "country": "China",
        "city": "Nanjing",
        "isp": "CHINANET jiangsu province network",
        "org": "",
        "proxy": false,
        "hosting": false,
        "query": "218.92.0.213",
        "count": 6
    },
    {
        "status": "success",
        "country": "Australia",
        "city": "Sydney",
        "isp": "Mammoth Media Pty Ltd",
        "org": "Mammoth Media Pty Ltd",
        "proxy": true,
        "hosting": true,
        "query": "112.213.39.74",
        "count": 9
    },
    {
        "status": "success",
        "country": "Vietnam",
        "city": "Hanoi",
        "isp": "VietNam Post and Telecom Corporation",
        "org": "Vietnam Posts and Telecommunications Group",
        "proxy": false,
        "hosting": false,
        "query": "123.16.54.101",
        "count": 30
    },
    {
        "status": "success",
        "country": "China",
        "city": "Muping",
        "isp": "CHINANET SiChuan Telecom Internet Data Center",
        "org": "Chinanet SC",
        "proxy": false,
        "hosting": false,
        "query": "118.122.147.8",
        "count": 17
    },
    {
        "status": "success",
        "country": "Mexico",
        "city": "Puebla City",
        "isp": "Uninet S.A. de C.V.",
        "org": "UNINET",
        "proxy": false,
        "hosting": false,
        "query": "187.212.30.140",
        "count": 20
    },
    {
        "status": "success",
        "country": "Mexico",
        "city": "Guadalajara",
        "isp": "Fiberwifi SA de CV",
        "org": "Fiberwifi SA De CV",
        "proxy": false,
        "hosting": false,
        "query": "38.22.160.113",
        "count": 30
    },
    {
        "status": "success",
        "country": "Thailand",
        "city": "Bangkok",
        "isp": "Aceville Pte.ltd",
        "org": "",
        "proxy": false,
        "hosting": true,
        "query": "43.133.113.12",
        "count": 30
    },
    {
        "status": "success",
        "country": "Singapore",
        "city": "Singapore",
        "isp": "DigitalOcean, LLC",
        "org": "DigitalOcean, LLC",
        "proxy": false,
        "hosting": true,
        "query": "157.245.196.40",
        "count": 30
    },
    {
        "status": "success",
        "country": "China",
        "city": "Guangzhou",
        "isp": "CHINANET Guangdong province network",
        "org": "Chinanet GD",
        "proxy": false,
        "hosting": false,
        "query": "14.18.113.233",
        "count": 11
    },
    {
        "status": "success",
        "country": "India",
        "city": "Bengaluru",
        "isp": "DigitalOcean, LLC",
        "org": "DigitalOcean, LLC",
        "proxy": false,
        "hosting": true,
        "query": "134.209.152.88",
        "count": 1
    },
    {
        "status": "success",
        "country": "Australia",
        "city": "Sydney",
        "isp": "DigitalOcean, LLC",
        "org": "DigitalOcean, LLC",
        "proxy": false,
        "hosting": true,
        "query": "134.199.172.108",
        "count": 234
    },
    {
        "status": "success",
        "country": "Russia",
        "city": "Moscow",
        "isp": "MegaFon",
        "org": "",
        "proxy": false,
        "hosting": false,
        "query": "178.177.40.147",
        "count": 68
    },
    {
        "status": "success",
        "country": "Germany",
        "city": "Frankfurt am Main",
        "isp": "DigitalOcean, LLC",
        "org": "Digital Ocean",
        "proxy": false,
        "hosting": true,
        "query": "46.101.244.233",
        "count": 30
    },
    {
        "status": "success",
        "country": "United States",
        "city": "Council Bluffs",
        "isp": "Google LLC",
        "org": "Google Cloud (us-central1)",
        "proxy": true,
        "hosting": true,
        "query": "34.41.17.26",
        "count": 30
    },
    {
        "status": "success",
        "country": "China",
        "city": "Beijing",
        "isp": "IDC, China Telecommunications Corporation",
        "org": "Chinanet BJ",
        "proxy": false,
        "hosting": false,
        "query": "36.112.159.117",
        "count": 18
    },
    {
        "status": "success",
        "country": "Brazil",
        "city": "S\u00e3o Paulo",
        "isp": "Qnax Ltda",
        "org": "Qnax Ltda",
        "proxy": false,
        "hosting": false,
        "query": "45.140.193.141",
        "count": 30
    },
    {
        "status": "success",
        "country": "India",
        "city": "Bengaluru",
        "isp": "DigitalOcean, LLC",
        "org": "DigitalOcean, LLC",
        "proxy": false,
        "hosting": true,
        "query": "139.59.47.249",
        "count": 39
    },
    {
        "status": "success",
        "country": "China",
        "city": "Muping",
        "isp": "CHINANET SiChuan Telecom Internet Data Center",
        "org": "Chinanet SC",
        "proxy": true,
        "hosting": false,
        "query": "171.220.244.134",
        "count": 17
    },
    {
        "status": "success",
        "country": "China",
        "city": "Haidian",
        "isp": "CHINA UNICOM China169 Backbone",
        "org": "Tsingua Uniudc Co., ltd.",
        "proxy": true,
        "hosting": false,
        "query": "103.120.227.88",
        "count": 1
    },
    {
        "status": "success",
        "country": "United States",
        "city": "Los Angeles",
        "isp": "IT7 Networks Inc",
        "org": "Cluster Logic Inc",
        "proxy": true,
        "hosting": true,
        "query": "97.64.23.231",
        "count": 30
    },
    {
        "status": "success",
        "country": "China",
        "city": "Shenzhen",
        "isp": "Chinanet",
        "org": "Chinanet GD",
        "proxy": false,
        "hosting": false,
        "query": "59.36.78.66",
        "count": 26
    },
    {
        "status": "success",
        "country": "United States",
        "city": "Ashburn",
        "isp": "Oracle Corporation",
        "org": "Oracle Cloud Infrastructure (us-ashburn-1)",
        "proxy": false,
        "hosting": true,
        "query": "150.136.248.7",
        "count": 9
    },
    {
        "status": "success",
        "country": "Germany",
        "city": "Frankfurt am Main",
        "isp": "DigitalOcean, LLC",
        "org": "DigitalOcean, LLC",
        "proxy": false,
        "hosting": true,
        "query": "157.230.125.68",
        "count": 3
    },
    {
        "status": "success",
        "country": "Singapore",
        "city": "Singapore",
        "isp": "DigitalOcean, LLC",
        "org": "DigitalOcean, LLC",
        "proxy": false,
        "hosting": true,
        "query": "128.199.144.179",
        "count": 168
    },
    {
        "status": "success",
        "country": "India",
        "city": "Bengaluru",
        "isp": "DigitalOcean, LLC",
        "org": "DigitalOcean, LLC",
        "proxy": false,
        "hosting": true,
        "query": "64.227.151.223",
        "count": 1
    },
    {
        "status": "success",
        "country": "India",
        "city": "Bengaluru",
        "isp": "DigitalOcean, LLC",
        "org": "DigitalOcean, LLC",
        "proxy": false,
        "hosting": true,
        "query": "128.199.27.93",
        "count": 30
    },
    {
        "status": "success",
        "country": "Sweden",
        "city": "Stockholm",
        "isp": "Bahnhof Internet",
        "org": "Bahnhof AB",
        "proxy": false,
        "hosting": false,
        "query": "94.254.0.234",
        "count": 30
    },
    {
        "status": "success",
        "country": "China",
        "city": "Shenzhen",
        "isp": "China Unicom Guangdong IP network",
        "org": "Cnnic",
        "proxy": false,
        "hosting": false,
        "query": "211.95.135.58",
        "count": 5
    },
    {
        "status": "success",
        "country": "France",
        "city": "Gravelines",
        "isp": "OVH SAS",
        "org": "OVH",
        "proxy": true,
        "hosting": true,
        "query": "51.178.137.178",
        "count": 30
    },
    {
        "status": "success",
        "country": "Singapore",
        "city": "Singapore",
        "isp": "Byteplus Pte. Ltd.",
        "org": "Byteplus Pte. Ltd.",
        "proxy": false,
        "hosting": false,
        "query": "101.47.5.97",
        "count": 30
    },
    {
        "status": "success",
        "country": "Netherlands",
        "city": "Groningen",
        "isp": "Google LLC",
        "org": "Google Cloud (europe-west4)",
        "proxy": true,
        "hosting": true,
        "query": "34.91.0.68",
        "count": 60
    },
    {
        "status": "success",
        "country": "South Africa",
        "city": "Cape Town",
        "isp": "Grid",
        "org": "",
        "proxy": true,
        "hosting": false,
        "query": "41.185.26.213",
        "count": 1
    },
    {
        "status": "success",
        "country": "United States",
        "city": "Oakland",
        "isp": "AT&T Services, Inc.",
        "org": "Sikh Gurdwara-sj",
        "proxy": false,
        "hosting": false,
        "query": "12.156.67.18",
        "count": 30
    },
    {
        "status": "success",
        "country": "Singapore",
        "city": "Singapore",
        "isp": "DigitalOcean, LLC",
        "org": "Digitalocean",
        "proxy": false,
        "hosting": true,
        "query": "188.166.189.37",
        "count": 30
    },
    {
        "status": "success",
        "country": "Indonesia",
        "city": "Cicurug",
        "isp": "PT Cloud Hosting Indonesia",
        "org": "PT. AwanBit Data Indonesia",
        "proxy": false,
        "hosting": true,
        "query": "103.176.79.210",
        "count": 30
    },
    {
        "status": "success",
        "country": "United Arab Emirates",
        "city": "Dubai",
        "isp": "Microsoft Corporation",
        "org": "Microsoft Azure Cloud (uaenorth)",
        "proxy": false,
        "hosting": true,
        "query": "20.74.223.225",
        "count": 30
    },
    {
        "status": "success",
        "country": "Chile",
        "city": "Santiago",
        "isp": "Entel Chile S.A.",
        "org": "Entel Chile S.A",
        "proxy": false,
        "hosting": false,
        "query": "186.10.125.209",
        "count": 30
    },
    {
        "status": "success",
        "country": "India",
        "city": "Pune",
        "isp": "Microsoft Corporation",
        "org": "Microsoft Azure Cloud (centralindia)",
        "proxy": false,
        "hosting": true,
        "query": "20.197.48.171",
        "count": 30
    },
    {
        "status": "success",
        "country": "Hong Kong",
        "city": "Hong Kong",
        "isp": "Akile LTD",
        "org": "Akile LTD",
        "proxy": false,
        "hosting": false,
        "query": "156.224.77.2",
        "count": 27
    },
    {
        "status": "success",
        "country": "Singapore",
        "city": "Singapore",
        "isp": "DigitalOcean, LLC",
        "org": "DigitalOcean, LLC",
        "proxy": true,
        "hosting": true,
        "query": "157.245.147.26",
        "count": 30
    },
    {
        "status": "success",
        "country": "Vietnam",
        "city": "B\u1eafc Ninh",
        "isp": "Vietnam Internet Network Information Center",
        "org": "",
        "proxy": false,
        "hosting": false,
        "query": "42.112.42.129",
        "count": 30
    },
    {
        "status": "success",
        "country": "China",
        "city": "Nanjing",
        "isp": "CHINATELECOM JiangSu YangZhou IDC networkdescr: YangZhou, Jiangsu Province, P.",
        "org": "Chinanet JS",
        "proxy": true,
        "hosting": false,
        "query": "117.91.186.55",
        "count": 3
    },
    {
        "status": "success",
        "country": "Morocco",
        "city": "Casablanca",
        "isp": "Provider 36884 Wana Corporate",
        "org": "",
        "proxy": false,
        "hosting": false,
        "query": "105.72.172.250",
        "count": 30
    },
    {
        "status": "success",
        "country": "India",
        "city": "Indore",
        "isp": "BHARTI",
        "org": "1 Malviya Nagar",
        "proxy": false,
        "hosting": false,
        "query": "122.168.194.41",
        "count": 30
    },
    {
        "status": "success",
        "country": "Singapore",
        "city": "Singapore",
        "isp": "DigitalOcean, LLC",
        "org": "DigitalOcean, LLC",
        "proxy": false,
        "hosting": true,
        "query": "165.22.53.223",
        "count": 30
    },
    {
        "status": "success",
        "country": "United Kingdom",
        "city": "London",
        "isp": "Skynet Network LTD",
        "org": "Skynet Network LTD",
        "proxy": false,
        "hosting": false,
        "query": "194.0.234.149",
        "count": 96
    },
    {
        "status": "success",
        "country": "United States",
        "city": "San Francisco",
        "isp": "DigitalOcean, LLC",
        "org": "DigitalOcean, LLC",
        "proxy": false,
        "hosting": true,
        "query": "64.23.249.58",
        "count": 162
    },
    {
        "status": "success",
        "country": "India",
        "city": "Mumbai",
        "isp": "Tata Communications Limited",
        "org": "Tata Communications Limited",
        "proxy": false,
        "hosting": false,
        "query": "115.113.173.34",
        "count": 1
    },
    {
        "status": "success",
        "country": "China",
        "city": "Wenquan",
        "isp": "Fuzhou",
        "org": "Chinanet FJ",
        "proxy": false,
        "hosting": false,
        "query": "121.204.220.5",
        "count": 3
    },
    {
        "status": "success",
        "country": "China",
        "city": "Shanghai",
        "isp": "Chinanet",
        "org": "Chinanet GD",
        "proxy": false,
        "hosting": false,
        "query": "14.29.200.228",
        "count": 135
    },
    {
        "status": "success",
        "country": "Vietnam",
        "city": "Hanoi",
        "isp": "FPT Telecom Company",
        "org": "Vietnam Internet Network Information Center",
        "proxy": false,
        "hosting": false,
        "query": "1.55.210.84",
        "count": 5
    },
    {
        "status": "success",
        "country": "The Netherlands",
        "city": "Amsterdam",
        "isp": "NextGenWebs",
        "org": "",
        "proxy": true,
        "hosting": false,
        "query": "185.213.173.52",
        "count": 6
    },
    {
        "status": "success",
        "country": "China",
        "city": "Beijing",
        "isp": "BJTEL",
        "org": "ChinaTelecom Group Beijing Ltd, Co",
        "proxy": false,
        "hosting": false,
        "query": "49.7.114.120",
        "count": 18
    },
    {
        "status": "success",
        "country": "China",
        "city": "Lipu",
        "isp": "CHINATELECOM Xinjiang Wulumuqi MAN network",
        "org": "Chinanet ZJ",
        "proxy": false,
        "hosting": false,
        "query": "36.108.173.167",
        "count": 1
    },
    {
        "status": "success",
        "country": "China",
        "city": "Hefei",
        "isp": "China Unicom CHINA169 Anhui Province Network",
        "org": "",
        "proxy": false,
        "hosting": false,
        "query": "112.132.249.164",
        "count": 2
    },
    {
        "status": "success",
        "country": "Vietnam",
        "city": "Haiphong",
        "isp": "Hai Phong Brand - CMC Telecommunication Infrastructure Corporation",
        "org": "CMCHAIPHONG",
        "proxy": true,
        "hosting": false,
        "query": "103.63.108.25",
        "count": 1
    },
    {
        "status": "success",
        "country": "United Kingdom",
        "city": "Slough",
        "isp": "DigitalOcean, LLC",
        "org": "Digitalocean",
        "proxy": true,
        "hosting": true,
        "query": "46.101.82.89",
        "count": 1
    },
    {
        "status": "success",
        "country": "United States",
        "city": "Ashburn",
        "isp": "GoDaddy.com, LLC",
        "org": "GoDaddy.com, LLC",
        "proxy": false,
        "hosting": false,
        "query": "148.72.64.105",
        "count": 30
    },
    {
        "status": "success",
        "country": "Brazil",
        "city": "Maring\u00e1",
        "isp": "Claro NXT Telecomunicacoes Ltda",
        "org": "Claro NXT Telecomunicacoes Ltda",
        "proxy": false,
        "hosting": false,
        "query": "189.7.17.61",
        "count": 11
    },
    {
        "status": "success",
        "country": "China",
        "city": "Fuzhou",
        "isp": "CNCGroup CHINA169 FuJian province network",
        "org": "",
        "proxy": false,
        "hosting": false,
        "query": "220.250.41.11",
        "count": 14
    },
    {
        "status": "success",
        "country": "United States",
        "city": "Boydton",
        "isp": "Microsoft Corporation",
        "org": "Microsoft Azure Cloud (eastus2)",
        "proxy": false,
        "hosting": true,
        "query": "20.12.41.6",
        "count": 19
    },
    {
        "status": "success",
        "country": "France",
        "city": "Roubaix",
        "isp": "OVH SAS",
        "org": "OVH",
        "proxy": false,
        "hosting": true,
        "query": "79.137.36.161",
        "count": 22
    },
    {
        "status": "success",
        "country": "Australia",
        "city": "Sydney",
        "isp": "DigitalOcean, LLC",
        "org": "DigitalOcean, LLC",
        "proxy": false,
        "hosting": true,
        "query": "209.38.30.136",
        "count": 234
    },
    {
        "status": "success",
        "country": "China",
        "city": "Hangzhou",
        "isp": "China Mobile Communications Corporation",
        "org": "China Mobile",
        "proxy": false,
        "hosting": false,
        "query": "39.184.251.116",
        "count": 3
    },
    {
        "status": "success",
        "country": "China",
        "city": "Guiyang",
        "isp": "Chinanet",
        "org": "Chinanet GZ",
        "proxy": false,
        "hosting": false,
        "query": "220.172.206.210",
        "count": 2
    },
    {
        "status": "success",
        "country": "China",
        "city": "Shenzhen",
        "isp": "Chinanet",
        "org": "Chinanet GD",
        "proxy": false,
        "hosting": false,
        "query": "59.36.165.231",
        "count": 26
    },
    {
        "status": "success",
        "country": "Russia",
        "city": "Severnyy",
        "isp": "CJSC \"ER-Telecom Holding\" Rostov-na-Donu branch",
        "org": "JSC \"ER-Telecom Holding\" Rostov-na-Donu Branch",
        "proxy": false,
        "hosting": false,
        "query": "176.213.141.182",
        "count": 30
    },
    {
        "status": "success",
        "country": "Morocco",
        "city": "Casablanca",
        "isp": "Itissalat Al-MAGHRIB",
        "org": "IAM",
        "proxy": false,
        "hosting": false,
        "query": "81.192.87.130",
        "count": 30
    },
    {
        "status": "success",
        "country": "Russia",
        "city": "Moscow",
        "isp": ".masterhost",
        "org": "2x4.ru  - Web Hosting Solutions",
        "proxy": false,
        "hosting": false,
        "query": "87.242.116.193",
        "count": 30
    },
    {
        "status": "success",
        "country": "United States",
        "city": "Santa Clara",
        "isp": "DigitalOcean, LLC",
        "org": "DigitalOcean, LLC",
        "proxy": true,
        "hosting": true,
        "query": "161.35.224.17",
        "count": 30
    },
    {
        "status": "success",
        "country": "Malaysia",
        "city": "Kuala Lumpur",
        "isp": "IP ServerOne Solutions Sdn Bhd",
        "org": "",
        "proxy": false,
        "hosting": true,
        "query": "118.107.206.116",
        "count": 30
    },
    {
        "status": "success",
        "country": "Singapore",
        "city": "Singapore",
        "isp": "DigitalOcean, LLC",
        "org": "DigitalOcean, LLC",
        "proxy": false,
        "hosting": true,
        "query": "159.89.204.29",
        "count": 30
    },
    {
        "status": "success",
        "country": "Iran",
        "city": "Tehran",
        "isp": "Green Web Samaneh Novin Co Ltd",
        "org": "Greenweb",
        "proxy": false,
        "hosting": true,
        "query": "185.255.91.221",
        "count": 30
    },
    {
        "status": "success",
        "country": "Vietnam",
        "city": "Ho Chi Minh City",
        "isp": "Viettel Corporation",
        "org": "VIETEL",
        "proxy": false,
        "hosting": false,
        "query": "171.244.139.238",
        "count": 30
    },
    {
        "status": "success",
        "country": "Taiwan",
        "city": "New Taipei City",
        "isp": "Chunghwa Telecom Co., Ltd.",
        "org": "Chunghwa Telecom Co. Ltd.",
        "proxy": false,
        "hosting": false,
        "query": "114.34.106.146",
        "count": 30
    },
    {
        "status": "success",
        "country": "United States",
        "city": "Sulphur Springs",
        "isp": "IONOS SE",
        "org": "IONOS Inc",
        "proxy": false,
        "hosting": true,
        "query": "69.48.204.212",
        "count": 30
    },
    {
        "status": "success",
        "country": "China",
        "city": "Nanjing",
        "isp": "Chinanet",
        "org": "Chinanet JS",
        "proxy": true,
        "hosting": false,
        "query": "49.72.212.22",
        "count": 7
    },
    {
        "status": "success",
        "country": "Turkey",
        "city": "Denizli",
        "isp": "Netinternet Datacenter",
        "org": "",
        "proxy": false,
        "hosting": true,
        "query": "93.113.63.124",
        "count": 30
    },
    {
        "status": "success",
        "country": "Vietnam",
        "city": "B\u00ecnh An",
        "isp": "LVSOFT",
        "org": "",
        "proxy": true,
        "hosting": false,
        "query": "103.237.144.204",
        "count": 30
    },
    {
        "status": "success",
        "country": "Canada",
        "city": "Toronto",
        "isp": "DigitalOcean, LLC",
        "org": "Digital Ocean",
        "proxy": true,
        "hosting": true,
        "query": "159.203.21.208",
        "count": 19
    },
    {
        "status": "success",
        "country": "United Kingdom",
        "city": "Watford",
        "isp": "TalkTalk",
        "org": "TalkTalk Communications Limited",
        "proxy": false,
        "hosting": false,
        "query": "92.27.101.99",
        "count": 30
    },
    {
        "status": "success",
        "country": "China",
        "city": "Beijing",
        "isp": "GWBN-WUHAN's IP",
        "org": "",
        "proxy": false,
        "hosting": false,
        "query": "115.190.9.220",
        "count": 2
    },
    {
        "status": "success",
        "country": "Brazil",
        "city": "Cabo Frio",
        "isp": "Costa Do Sol TV a cabo",
        "org": "Costa Do Sol TV a cabo",
        "proxy": false,
        "hosting": false,
        "query": "138.204.127.54",
        "count": 30
    },
    {
        "status": "success",
        "country": "France",
        "city": "Roubaix",
        "isp": "OVH SAS",
        "org": "OVH",
        "proxy": false,
        "hosting": true,
        "query": "54.37.66.181",
        "count": 30
    },
    {
        "status": "success",
        "country": "Finland",
        "city": "Helsinki",
        "isp": "Partner Hosting LTD",
        "org": "Partner Hosting LTD",
        "proxy": false,
        "hosting": false,
        "query": "94.141.122.174",
        "count": 30
    },
    {
        "status": "success",
        "country": "South Korea",
        "city": "Iksan",
        "isp": "Korea Telecom",
        "org": "Kornet",
        "proxy": false,
        "hosting": false,
        "query": "112.184.119.22",
        "count": 29
    },
    {
        "status": "success",
        "country": "Germany",
        "city": "Frankfurt Am Main",
        "isp": "Hetzner Online AG",
        "org": "Hetzner Online AG",
        "proxy": false,
        "hosting": true,
        "query": "91.107.253.180",
        "count": 30
    },
    {
        "status": "success",
        "country": "China",
        "city": "Zhengzhou",
        "isp": "China Telecom",
        "org": "Chinanet HA",
        "proxy": false,
        "hosting": false,
        "query": "1.194.239.176",
        "count": 31
    },
    {
        "status": "success",
        "country": "The Netherlands",
        "city": "Amsterdam",
        "isp": "Host Europe GmbH",
        "org": "Go Daddy Netherlands B.V",
        "proxy": false,
        "hosting": false,
        "query": "37.148.206.165",
        "count": 30
    },
    {
        "status": "success",
        "country": "Greece",
        "city": "Kallithea",
        "isp": "OTEnet",
        "org": "OTEnet S.A.",
        "proxy": false,
        "hosting": false,
        "query": "83.235.21.125",
        "count": 30
    },
    {
        "status": "success",
        "country": "Indonesia",
        "city": "Cicurug",
        "isp": "PT Cloud Hosting Indonesia",
        "org": "PT Cloud Hosting Indonesia",
        "proxy": false,
        "hosting": true,
        "query": "103.123.63.37",
        "count": 30
    },
    {
        "status": "success",
        "country": "Morocco",
        "city": "Beni Mellal",
        "isp": "ADSL Maroc telecom",
        "org": "",
        "proxy": false,
        "hosting": false,
        "query": "196.74.55.240",
        "count": 30
    },
    {
        "status": "success",
        "country": "Vietnam",
        "city": "Hanoi",
        "isp": "VNPT",
        "org": "Vietnam Posts and Telecommunications Group",
        "proxy": false,
        "hosting": false,
        "query": "14.177.232.0",
        "count": 30
    },
    {
        "status": "success",
        "country": "Germany",
        "city": "Frankfurt am Main",
        "isp": "DpkgSoft International Limited",
        "org": "DpkgSoft International Limited",
        "proxy": false,
        "hosting": false,
        "query": "193.168.198.88",
        "count": 29
    },
    {
        "status": "success",
        "country": "China",
        "city": "Nanjing",
        "isp": "Chinanet",
        "org": "Chinanet JS",
        "proxy": true,
        "hosting": false,
        "query": "180.100.217.164",
        "count": 7
    },
    {
        "status": "success",
        "country": "Spain",
        "city": "Elche",
        "isp": "UNI2",
        "org": "",
        "proxy": false,
        "hosting": false,
        "query": "85.50.120.247",
        "count": 30
    },
    {
        "status": "success",
        "country": "Netherlands",
        "city": "Amsterdam",
        "isp": "Microsoft Corporation",
        "org": "Microsoft Azure Cloud (westeurope)",
        "proxy": false,
        "hosting": true,
        "query": "74.234.146.205",
        "count": 30
    },
    {
        "status": "success",
        "country": "Paraguay",
        "city": "Asunci\u00f3n",
        "isp": "Telecel S.A.",
        "org": "Telecel S.A",
        "proxy": false,
        "hosting": false,
        "query": "181.120.188.38",
        "count": 1
    },
    {
        "status": "success",
        "country": "Brazil",
        "city": "Campo Grande",
        "isp": "V tal",
        "org": "V tal",
        "proxy": false,
        "hosting": false,
        "query": "200.219.108.240",
        "count": 30
    },
    {
        "status": "success",
        "country": "Russia",
        "city": "Moscow",
        "isp": "Yandex.Cloud LLC",
        "org": "Yandex.Cloud LLC",
        "proxy": false,
        "hosting": false,
        "query": "158.160.39.56",
        "count": 30
    },
    {
        "status": "success",
        "country": "United Kingdom",
        "city": "City of London",
        "isp": "Microsoft",
        "org": "Microsoft Azure Cloud (uksouth)",
        "proxy": false,
        "hosting": true,
        "query": "172.187.241.47",
        "count": 30
    },
    {
        "status": "success",
        "country": "Spain",
        "city": "Barcelona",
        "isp": "Vodafone-BB Global",
        "org": "Vodafone Espana, S.A.U.",
        "proxy": false,
        "hosting": false,
        "query": "46.25.82.141",
        "count": 2
    },
    {
        "status": "success",
        "country": "India",
        "city": "Hyderabad",
        "isp": "Pioneer Elabs Ltd.",
        "org": "Pioneer Elabs Ltd.",
        "proxy": false,
        "hosting": false,
        "query": "103.41.98.66",
        "count": 30
    },
    {
        "status": "success",
        "country": "India",
        "city": "Jaipur",
        "isp": "Atria Convergence Technologies Pvt. Ltd.",
        "org": "Atria Convergence Technologies Pvt Ltd",
        "proxy": false,
        "hosting": false,
        "query": "124.123.76.224",
        "count": 19
    },
    {
        "status": "success",
        "country": "Chile",
        "city": "Santiago",
        "isp": "CTC. CORP S.A. (TELEFONICA EMPRESAS)",
        "org": "Telefonica Empresas Chile SA",
        "proxy": false,
        "hosting": false,
        "query": "181.212.81.227",
        "count": 30
    },
    {
        "status": "success",
        "country": "India",
        "city": "Ahmedabad",
        "isp": "Bharti Airtel Limited",
        "org": "Abts TN DSL",
        "proxy": false,
        "hosting": false,
        "query": "122.164.125.34",
        "count": 11
    },
    {
        "status": "success",
        "country": "China",
        "city": "Beijing",
        "isp": "Beijing Baidu Netcom Science and Technology Co., Ltd.",
        "org": "Beijing Baidu Netcom Science and Technology Co., Ltd.",
        "proxy": false,
        "hosting": true,
        "query": "106.12.151.247",
        "count": 12
    },
    {
        "status": "success",
        "country": "China",
        "city": "Wenquan",
        "isp": "Fuzhou",
        "org": "Chinanet FJ",
        "proxy": true,
        "hosting": false,
        "query": "59.56.73.141",
        "count": 42
    },
    {
        "status": "success",
        "country": "China",
        "city": "Hangzhou",
        "isp": "Chinanet",
        "org": "",
        "proxy": false,
        "hosting": false,
        "query": "122.231.84.107",
        "count": 31
    },
    {
        "status": "success",
        "country": "Brazil",
        "city": "Nova Serrana",
        "isp": "ALGAR TELECOM S/A",
        "org": "ALGAR TELECOM S/A",
        "proxy": false,
        "hosting": false,
        "query": "191.55.189.207",
        "count": 30
    },
    {
        "status": "success",
        "country": "T\u00fcrkiye",
        "city": "Istanbul",
        "isp": "Netlen Internet Hizmetleri Ltd. Sti.",
        "org": "Tres Teknoloji Anonim Sirketi",
        "proxy": false,
        "hosting": false,
        "query": "77.92.151.41",
        "count": 30
    },
    {
        "status": "success",
        "country": "T\u00fcrkiye",
        "city": "Istanbul",
        "isp": "TurkNet Iletisim Hizmetleri A.S.",
        "org": "Gayrettepe POP Dynamic",
        "proxy": false,
        "hosting": false,
        "query": "159.146.11.164",
        "count": 30
    },
    {
        "status": "success",
        "country": "Indonesia",
        "city": "Cicurug",
        "isp": "PT Cloud Hosting Indonesia",
        "org": "PT Cloud Hosting Indonesia",
        "proxy": false,
        "hosting": true,
        "query": "116.193.191.186",
        "count": 30
    },
    {
        "status": "success",
        "country": "United States",
        "city": "Santa Clara",
        "isp": "DigitalOcean, LLC",
        "org": "DigitalOcean, LLC",
        "proxy": false,
        "hosting": true,
        "query": "137.184.188.240",
        "count": 30
    },
    {
        "status": "success",
        "country": "South Korea",
        "city": "Seocho-gu",
        "isp": "SK Broadband Co Ltd",
        "org": "SK Broadband Co Ltd",
        "proxy": false,
        "hosting": false,
        "query": "110.10.129.56",
        "count": 30
    },
    {
        "status": "success",
        "country": "Thailand",
        "city": "Chon Buri",
        "isp": "TCC1012-DON MUENG-by-AWN",
        "org": "",
        "proxy": false,
        "hosting": false,
        "query": "49.231.192.36",
        "count": 30
    },
    {
        "status": "success",
        "country": "United States",
        "city": "Dallas",
        "isp": "Unmanaged LTD",
        "org": "Pptechnology Limited",
        "proxy": false,
        "hosting": false,
        "query": "92.118.39.73",
        "count": 5
    },
    {
        "status": "success",
        "country": "Australia",
        "city": "Sydney",
        "isp": "DigitalOcean, LLC",
        "org": "DigitalOcean, LLC",
        "proxy": false,
        "hosting": true,
        "query": "209.38.95.5",
        "count": 234
    },
    {
        "status": "success",
        "country": "China",
        "city": "Hangzhou",
        "isp": "Chinanet",
        "org": "Hangzhou Telecom Industry Company",
        "proxy": false,
        "hosting": false,
        "query": "218.75.42.15",
        "count": 29
    },
    {
        "status": "success",
        "country": "South Korea",
        "city": "Sejong",
        "isp": "Korea Telecom-PUBNET",
        "org": "(jae)hoseojeonsanjikeobjeonmunhakkyo",
        "proxy": false,
        "hosting": false,
        "query": "211.253.37.225",
        "count": 30
    },
    {
        "status": "success",
        "country": "Paraguay",
        "city": "Asunci\u00f3n",
        "isp": "Telecel S.A.",
        "org": "Telecel S.A",
        "proxy": false,
        "hosting": false,
        "query": "190.128.230.98",
        "count": 30
    },
    {
        "status": "success",
        "country": "Singapore",
        "city": "Singapore",
        "isp": "DigitalOcean, LLC",
        "org": "DigitalOcean, LLC",
        "proxy": false,
        "hosting": true,
        "query": "165.22.110.215",
        "count": 30
    },
    {
        "status": "success",
        "country": "Singapore",
        "city": "Singapore",
        "isp": "DigitalOcean, LLC",
        "org": "DigitalOcean, LLC",
        "proxy": false,
        "hosting": true,
        "query": "104.248.147.253",
        "count": 13
    }
]